<?xml version="1.0" encoding="UTF-8"?>
<testsuite name="HelloTest" tests="1" skipped="0" failures="0" errors="0" timestamp="2023-12-13T10:43:47" hostname="localhost.localdomain" time="0.018">
  <properties/>
  <testcase name="hello()" classname="HelloTest" time="0.018"/>
  <system-out><![CDATA[]]></system-out>
  <system-err><![CDATA[]]></system-err>
</testsuite>
